<?xml version="1.0" encoding="UTF-8"?>
<!-- Generated by org.testng.reporters.JUnitReportReporter -->
<testsuite skipped="0" hostname="DESKTOP-3SV5GMJ" name="com.learning.tests.FirstTest" tests="1" failures="0" timestamp="2018-10-16T09:06:24 IST" time="12.725" errors="0">
  <testcase name="firstTest" time="12.725" classname="com.learning.tests.FirstTest"/>
</testsuite> <!-- com.learning.tests.FirstTest -->
